<?xml version="1.0" ?>
<coverage branch-rate="0" branches-covered="0" branches-valid="0" complexity="0" line-rate="0.4027" lines-covered="118" lines-valid="293" timestamp="1576160625143" version="5.0b1">
	<!-- Generated by coverage.py: https://coverage.readthedocs.io/en/coverage-5.0b1 -->
	<!-- Based on https://raw.githubusercontent.com/cobertura/web/master/htdocs/xml/coverage-04.dtd -->
	<sources>
		<source>/mnt/c/Users/NICO/Desktop/C++Code/rFBP</source>
	</sources>
	<packages>
		<package branch-rate="0" complexity="0" line-rate="0.7857" name="ReplicatedFocusingBeliefPropagation">
			<classes>
				<class branch-rate="0" complexity="0" filename="ReplicatedFocusingBeliefPropagation/__init__.py" line-rate="0.6667" name="__init__.py">
					<methods/>
					<lines>
						<line hits="1" number="4"/>
						<line hits="1" number="6"/>
						<line hits="1" number="7"/>
						<line hits="1" number="8"/>
						<line hits="1" number="10"/>
						<line hits="1" number="12"/>
						<line hits="1" number="13"/>
						<line hits="1" number="14"/>
						<line hits="1" number="15"/>
						<line hits="1" number="16"/>
						<line hits="0" number="18"/>
						<line hits="0" number="19"/>
						<line hits="1" number="21"/>
						<line hits="1" number="22"/>
						<line hits="1" number="24"/>
						<line hits="1" number="27"/>
						<line hits="0" number="28"/>
						<line hits="0" number="29"/>
						<line hits="0" number="30"/>
						<line hits="0" number="33"/>
						<line hits="0" number="34"/>
					</lines>
				</class>
				<class branch-rate="0" complexity="0" filename="ReplicatedFocusingBeliefPropagation/__version__.py" line-rate="0.9048" name="__version__.py">
					<methods/>
					<lines>
						<line hits="1" number="4"/>
						<line hits="1" number="5"/>
						<line hits="1" number="7"/>
						<line hits="1" number="8"/>
						<line hits="1" number="10"/>
						<line hits="1" number="14"/>
						<line hits="1" number="15"/>
						<line hits="1" number="16"/>
						<line hits="1" number="18"/>
						<line hits="1" number="19"/>
						<line hits="1" number="21"/>
						<line hits="1" number="22"/>
						<line hits="1" number="23"/>
						<line hits="1" number="25"/>
						<line hits="1" number="27"/>
						<line hits="1" number="29"/>
						<line hits="1" number="31"/>
						<line hits="0" number="33"/>
						<line hits="0" number="35"/>
						<line hits="1" number="37"/>
						<line hits="1" number="39"/>
					</lines>
				</class>
			</classes>
		</package>
		<package branch-rate="0" complexity="0" line-rate="0.3934" name="ReplicatedFocusingBeliefPropagation.rfbp">
			<classes>
				<class branch-rate="0" complexity="0" filename="ReplicatedFocusingBeliefPropagation/rfbp/FocusingProtocol.py" line-rate="0.5161" name="FocusingProtocol.py">
					<methods/>
					<lines>
						<line hits="1" number="4"/>
						<line hits="1" number="5"/>
						<line hits="1" number="7"/>
						<line hits="1" number="8"/>
						<line hits="1" number="10"/>
						<line hits="1" number="12"/>
						<line hits="1" number="13"/>
						<line hits="1" number="16"/>
						<line hits="1" number="42"/>
						<line hits="1" number="44"/>
						<line hits="0" number="46"/>
						<line hits="0" number="47"/>
						<line hits="0" number="49"/>
						<line hits="0" number="50"/>
						<line hits="0" number="52"/>
						<line hits="0" number="53"/>
						<line hits="0" number="54"/>
						<line hits="0" number="56"/>
						<line hits="1" number="58"/>
						<line hits="0" number="60"/>
						<line hits="1" number="62"/>
						<line hits="0" number="64"/>
						<line hits="1" number="66"/>
						<line hits="0" number="68"/>
						<line hits="1" number="70"/>
						<line hits="0" number="72"/>
						<line hits="1" number="74"/>
						<line hits="0" number="76"/>
						<line hits="1" number="78"/>
						<line hits="0" number="79"/>
						<line hits="0" number="80"/>
					</lines>
				</class>
				<class branch-rate="0" complexity="0" filename="ReplicatedFocusingBeliefPropagation/rfbp/Patterns.py" line-rate="0.3115" name="Patterns.py">
					<methods/>
					<lines>
						<line hits="1" number="4"/>
						<line hits="1" number="5"/>
						<line hits="1" number="7"/>
						<line hits="1" number="8"/>
						<line hits="1" number="9"/>
						<line hits="1" number="10"/>
						<line hits="1" number="11"/>
						<line hits="1" number="13"/>
						<line hits="1" number="15"/>
						<line hits="1" number="16"/>
						<line hits="1" number="18"/>
						<line hits="1" number="45"/>
						<line hits="0" number="47"/>
						<line hits="0" number="50"/>
						<line hits="0" number="51"/>
						<line hits="0" number="53"/>
						<line hits="0" number="54"/>
						<line hits="0" number="56"/>
						<line hits="0" number="57"/>
						<line hits="0" number="59"/>
						<line hits="0" number="60"/>
						<line hits="0" number="63"/>
						<line hits="0" number="67"/>
						<line hits="1" number="69"/>
						<line hits="0" number="79"/>
						<line hits="0" number="80"/>
						<line hits="0" number="82"/>
						<line hits="0" number="83"/>
						<line hits="0" number="85"/>
						<line hits="0" number="86"/>
						<line hits="0" number="88"/>
						<line hits="0" number="90"/>
						<line hits="1" number="93"/>
						<line hits="0" number="109"/>
						<line hits="0" number="110"/>
						<line hits="0" number="112"/>
						<line hits="0" number="113"/>
						<line hits="0" number="115"/>
						<line hits="0" number="117"/>
						<line hits="1" number="119"/>
						<line hits="0" number="121"/>
						<line hits="0" number="122"/>
						<line hits="0" number="124"/>
						<line hits="0" number="125"/>
						<line hits="1" number="127"/>
						<line hits="0" number="129"/>
						<line hits="0" number="130"/>
						<line hits="0" number="132"/>
						<line hits="0" number="133"/>
						<line hits="1" number="135"/>
						<line hits="0" number="137"/>
						<line hits="0" number="138"/>
						<line hits="0" number="140"/>
						<line hits="0" number="141"/>
						<line hits="1" number="143"/>
						<line hits="0" number="145"/>
						<line hits="1" number="147"/>
						<line hits="0" number="148"/>
						<line hits="0" number="149"/>
						<line hits="0" number="150"/>
						<line hits="0" number="153"/>
					</lines>
				</class>
				<class branch-rate="0" complexity="0" filename="ReplicatedFocusingBeliefPropagation/rfbp/ReplicatedFocusingBeliefPropagation.py" line-rate="0.3733" name="ReplicatedFocusingBeliefPropagation.py">
					<methods/>
					<lines>
						<line hits="1" number="4"/>
						<line hits="1" number="5"/>
						<line hits="1" number="7"/>
						<line hits="1" number="8"/>
						<line hits="1" number="12"/>
						<line hits="1" number="13"/>
						<line hits="1" number="15"/>
						<line hits="1" number="17"/>
						<line hits="1" number="18"/>
						<line hits="1" number="19"/>
						<line hits="1" number="20"/>
						<line hits="1" number="21"/>
						<line hits="1" number="22"/>
						<line hits="1" number="23"/>
						<line hits="1" number="25"/>
						<line hits="1" number="27"/>
						<line hits="1" number="29"/>
						<line hits="1" number="31"/>
						<line hits="1" number="32"/>
						<line hits="1" number="36"/>
						<line hits="1" number="87"/>
						<line hits="1" number="88"/>
						<line hits="1" number="90"/>
						<line hits="0" number="102"/>
						<line hits="0" number="103"/>
						<line hits="0" number="105"/>
						<line hits="0" number="106"/>
						<line hits="0" number="108"/>
						<line hits="0" number="109"/>
						<line hits="0" number="112"/>
						<line hits="0" number="113"/>
						<line hits="0" number="115"/>
						<line hits="0" number="116"/>
						<line hits="0" number="117"/>
						<line hits="0" number="118"/>
						<line hits="0" number="119"/>
						<line hits="0" number="120"/>
						<line hits="0" number="121"/>
						<line hits="0" number="122"/>
						<line hits="0" number="123"/>
						<line hits="0" number="124"/>
						<line hits="0" number="125"/>
						<line hits="0" number="126"/>
						<line hits="1" number="129"/>
						<line hits="0" number="144"/>
						<line hits="0" number="146"/>
						<line hits="0" number="147"/>
						<line hits="0" number="150"/>
						<line hits="0" number="151"/>
						<line hits="0" number="153"/>
						<line hits="1" number="168"/>
						<line hits="0" number="187"/>
						<line hits="0" number="189"/>
						<line hits="0" number="191"/>
						<line hits="0" number="193"/>
						<line hits="0" number="207"/>
						<line hits="0" number="209"/>
						<line hits="1" number="212"/>
						<line hits="0" number="232"/>
						<line hits="0" number="233"/>
						<line hits="0" number="234"/>
						<line hits="0" number="237"/>
						<line hits="0" number="239"/>
						<line hits="0" number="241"/>
						<line hits="1" number="244"/>
						<line hits="0" number="260"/>
						<line hits="0" number="261"/>
						<line hits="0" number="262"/>
						<line hits="0" number="265"/>
						<line hits="1" number="267"/>
						<line hits="0" number="268"/>
						<line hits="0" number="270"/>
						<line hits="0" number="271"/>
						<line hits="0" number="272"/>
						<line hits="0" number="274"/>
					</lines>
				</class>
				<class branch-rate="0" complexity="0" filename="ReplicatedFocusingBeliefPropagation/rfbp/__init__.py" line-rate="1" name="__init__.py">
					<methods/>
					<lines>
						<line hits="1" number="4"/>
						<line hits="1" number="5"/>
					</lines>
				</class>
				<class branch-rate="0" complexity="0" filename="ReplicatedFocusingBeliefPropagation/rfbp/misc.py" line-rate="0.5" name="misc.py">
					<methods/>
					<lines>
						<line hits="1" number="4"/>
						<line hits="1" number="5"/>
						<line hits="1" number="7"/>
						<line hits="1" number="8"/>
						<line hits="1" number="10"/>
						<line hits="1" number="11"/>
						<line hits="1" number="13"/>
						<line hits="0" number="15"/>
						<line hits="0" number="16"/>
						<line hits="0" number="18"/>
						<line hits="0" number="19"/>
						<line hits="0" number="21"/>
						<line hits="0" number="22"/>
						<line hits="0" number="24"/>
					</lines>
				</class>
			</classes>
		</package>
		<package branch-rate="0" complexity="0" line-rate="0.1912" name="ReplicatedFocusingBeliefPropagation.rfbp.test">
			<classes>
				<class branch-rate="0" complexity="0" filename="ReplicatedFocusingBeliefPropagation/rfbp/test/test_fprotocol.py" line-rate="0.1912" name="test_fprotocol.py">
					<methods/>
					<lines>
						<line hits="1" number="4"/>
						<line hits="1" number="5"/>
						<line hits="1" number="7"/>
						<line hits="1" number="9"/>
						<line hits="1" number="10"/>
						<line hits="1" number="13"/>
						<line hits="1" number="18"/>
						<line hits="1" number="20"/>
						<line hits="0" number="30"/>
						<line hits="0" number="31"/>
						<line hits="0" number="34"/>
						<line hits="0" number="37"/>
						<line hits="0" number="38"/>
						<line hits="0" number="39"/>
						<line hits="0" number="42"/>
						<line hits="0" number="45"/>
						<line hits="0" number="46"/>
						<line hits="0" number="49"/>
						<line hits="1" number="52"/>
						<line hits="0" number="62"/>
						<line hits="0" number="63"/>
						<line hits="0" number="66"/>
						<line hits="0" number="69"/>
						<line hits="0" number="70"/>
						<line hits="0" number="71"/>
						<line hits="0" number="74"/>
						<line hits="0" number="75"/>
						<line hits="0" number="78"/>
						<line hits="0" number="81"/>
						<line hits="1" number="84"/>
						<line hits="0" number="94"/>
						<line hits="0" number="95"/>
						<line hits="0" number="98"/>
						<line hits="0" number="101"/>
						<line hits="0" number="102"/>
						<line hits="0" number="103"/>
						<line hits="0" number="104"/>
						<line hits="0" number="107"/>
						<line hits="0" number="108"/>
						<line hits="0" number="111"/>
						<line hits="0" number="114"/>
						<line hits="1" number="117"/>
						<line hits="0" number="127"/>
						<line hits="0" number="128"/>
						<line hits="0" number="131"/>
						<line hits="0" number="134"/>
						<line hits="0" number="135"/>
						<line hits="0" number="136"/>
						<line hits="0" number="139"/>
						<line hits="0" number="142"/>
						<line hits="0" number="143"/>
						<line hits="1" number="147"/>
						<line hits="0" number="149"/>
						<line hits="0" number="151"/>
						<line hits="0" number="152"/>
						<line hits="0" number="154"/>
						<line hits="0" number="156"/>
						<line hits="1" number="158"/>
						<line hits="0" number="160"/>
						<line hits="0" number="162"/>
						<line hits="0" number="163"/>
						<line hits="0" number="165"/>
						<line hits="0" number="167"/>
						<line hits="0" number="169"/>
						<line hits="0" number="171"/>
						<line hits="0" number="172"/>
						<line hits="0" number="174"/>
						<line hits="0" number="176"/>
					</lines>
				</class>
			</classes>
		</package>
	</packages>
</coverage>
